{"total": {"lines":{"total":519,"covered":458,"skipped":0,"pct":88.24},"statements":{"total":519,"covered":458,"skipped":0,"pct":88.24},"functions":{"total":21,"covered":16,"skipped":0,"pct":76.19},"branches":{"total":59,"covered":40,"skipped":0,"pct":67.79},"branchesTrue":{"total":0,"covered":0,"skipped":0,"pct":100}}
,"/home/coder/project/public/vite-plugin-auto-mpa-html/index.ts": {"lines":{"total":44,"covered":42,"skipped":0,"pct":95.45},"functions":{"total":6,"covered":5,"skipped":0,"pct":83.33},"statements":{"total":44,"covered":42,"skipped":0,"pct":95.45},"branches":{"total":10,"covered":5,"skipped":0,"pct":50}}
,"/home/coder/project/public/vite-plugin-auto-mpa-html/src/entry.ts": {"lines":{"total":35,"covered":33,"skipped":0,"pct":94.28},"functions":{"total":2,"covered":2,"skipped":0,"pct":100},"statements":{"total":35,"covered":33,"skipped":0,"pct":94.28},"branches":{"total":5,"covered":4,"skipped":0,"pct":80}}
,"/home/coder/project/public/vite-plugin-auto-mpa-html/src/helpers.ts": {"lines":{"total":60,"covered":21,"skipped":0,"pct":35},"functions":{"total":4,"covered":2,"skipped":0,"pct":50},"statements":{"total":60,"covered":21,"skipped":0,"pct":35},"branches":{"total":2,"covered":2,"skipped":0,"pct":100}}
,"/home/coder/project/public/vite-plugin-auto-mpa-html/src/template.ts": {"lines":{"total":16,"covered":14,"skipped":0,"pct":87.5},"functions":{"total":1,"covered":1,"skipped":0,"pct":100},"statements":{"total":16,"covered":14,"skipped":0,"pct":87.5},"branches":{"total":2,"covered":1,"skipped":0,"pct":50}}
,"/home/coder/project/public/vite-plugin-auto-mpa-html/src/types.ts": {"lines":{"total":28,"covered":26,"skipped":0,"pct":92.85},"functions":{"total":2,"covered":0,"skipped":0,"pct":0},"statements":{"total":28,"covered":26,"skipped":0,"pct":92.85},"branches":{"total":0,"covered":0,"skipped":0,"pct":100}}
,"/home/coder/project/public/vite-plugin-auto-mpa-html/src/vite-lifecycle.ts": {"lines":{"total":143,"covered":129,"skipped":0,"pct":90.2},"functions":{"total":6,"covered":6,"skipped":0,"pct":100},"statements":{"total":143,"covered":129,"skipped":0,"pct":90.2},"branches":{"total":23,"covered":11,"skipped":0,"pct":47.82}}
,"/home/coder/project/public/vite-plugin-auto-mpa-html/tests/entry.test.ts": {"lines":{"total":21,"covered":21,"skipped":0,"pct":100},"functions":{"total":0,"covered":0,"skipped":0,"pct":100},"statements":{"total":21,"covered":21,"skipped":0,"pct":100},"branches":{"total":2,"covered":2,"skipped":0,"pct":100}}
,"/home/coder/project/public/vite-plugin-auto-mpa-html/tests/server.test.ts": {"lines":{"total":46,"covered":46,"skipped":0,"pct":100},"functions":{"total":0,"covered":0,"skipped":0,"pct":100},"statements":{"total":46,"covered":46,"skipped":0,"pct":100},"branches":{"total":4,"covered":4,"skipped":0,"pct":100}}
,"/home/coder/project/public/vite-plugin-auto-mpa-html/tests/vite-feature.test.ts": {"lines":{"total":34,"covered":34,"skipped":0,"pct":100},"functions":{"total":0,"covered":0,"skipped":0,"pct":100},"statements":{"total":34,"covered":34,"skipped":0,"pct":100},"branches":{"total":3,"covered":3,"skipped":0,"pct":100}}
,"/home/coder/project/public/vite-plugin-auto-mpa-html/tests/vite-lifecycle.test.ts": {"lines":{"total":92,"covered":92,"skipped":0,"pct":100},"functions":{"total":0,"covered":0,"skipped":0,"pct":100},"statements":{"total":92,"covered":92,"skipped":0,"pct":100},"branches":{"total":8,"covered":8,"skipped":0,"pct":100}}
}
